
 Response Code: 500 - Method: POST - URL: /properties/find-properties?limit=20&offset=0
		{"statusCode":500,"path":"/properties/find-properties?limit=20&offset=0","method":"POST","timeStamp":"2023-02-15T13:58:13.331Z","message":"Cannot read properties of null (reading 'maxDecimalPlaces')"}
		undefined

 Response Code: 401 - Method: POST - URL: /messages/client
		{"statusCode":401,"path":"/messages/client","method":"POST","timeStamp":"2023-02-15T16:55:31.064Z","message":"Unauthorized"}
		UnauthorizedException: Unauthorized
    at JwtAuthGuard.handleRequest (/home/rockijunior/Escritorio/proyectosUtn/cabaProp/portalback/node_modules/@nestjs/passport/dist/auth.guard.js:69:30)
    at /home/rockijunior/Escritorio/proyectosUtn/cabaProp/portalback/node_modules/@nestjs/passport/dist/auth.guard.js:50:128
    at /home/rockijunior/Escritorio/proyectosUtn/cabaProp/portalback/node_modules/@nestjs/passport/dist/auth.guard.js:92:24
    at allFailed (/home/rockijunior/Escritorio/proyectosUtn/cabaProp/portalback/node_modules/passport/lib/middleware/authenticate.js:110:18)
    at attempt (/home/rockijunior/Escritorio/proyectosUtn/cabaProp/portalback/node_modules/passport/lib/middleware/authenticate.js:183:28)
    at JwtStrategy.strategy.fail (/home/rockijunior/Escritorio/proyectosUtn/cabaProp/portalback/node_modules/passport/lib/middleware/authenticate.js:305:9)
    at JwtStrategy.authenticate (/home/rockijunior/Escritorio/proyectosUtn/cabaProp/portalback/node_modules/passport-jwt/lib/strategy.js:96:21)
    at attempt (/home/rockijunior/Escritorio/proyectosUtn/cabaProp/portalback/node_modules/passport/lib/middleware/authenticate.js:369:16)
    at authenticate (/home/rockijunior/Escritorio/proyectosUtn/cabaProp/portalback/node_modules/passport/lib/middleware/authenticate.js:370:7)
    at /home/rockijunior/Escritorio/proyectosUtn/cabaProp/portalback/node_modules/@nestjs/passport/dist/auth.guard.js:97:3

 Response Code: 401 - Method: GET - URL: /conversations/conversation/ba2d98fa-08e9-4eda-9868-81c5465d1df8/63ecec53c0e5e2d1a00f6913
		{"statusCode":401,"path":"/conversations/conversation/ba2d98fa-08e9-4eda-9868-81c5465d1df8/63ecec53c0e5e2d1a00f6913","method":"GET","timeStamp":"2023-02-15T16:56:20.547Z","message":"Unauthorized"}
		UnauthorizedException: Unauthorized
    at JwtAuthGuard.handleRequest (/home/rockijunior/Escritorio/proyectosUtn/cabaProp/portalback/node_modules/@nestjs/passport/dist/auth.guard.js:69:30)
    at /home/rockijunior/Escritorio/proyectosUtn/cabaProp/portalback/node_modules/@nestjs/passport/dist/auth.guard.js:50:128
    at /home/rockijunior/Escritorio/proyectosUtn/cabaProp/portalback/node_modules/@nestjs/passport/dist/auth.guard.js:92:24
    at allFailed (/home/rockijunior/Escritorio/proyectosUtn/cabaProp/portalback/node_modules/passport/lib/middleware/authenticate.js:110:18)
    at attempt (/home/rockijunior/Escritorio/proyectosUtn/cabaProp/portalback/node_modules/passport/lib/middleware/authenticate.js:183:28)
    at JwtStrategy.strategy.fail (/home/rockijunior/Escritorio/proyectosUtn/cabaProp/portalback/node_modules/passport/lib/middleware/authenticate.js:305:9)
    at JwtStrategy.authenticate (/home/rockijunior/Escritorio/proyectosUtn/cabaProp/portalback/node_modules/passport-jwt/lib/strategy.js:96:21)
    at attempt (/home/rockijunior/Escritorio/proyectosUtn/cabaProp/portalback/node_modules/passport/lib/middleware/authenticate.js:369:16)
    at authenticate (/home/rockijunior/Escritorio/proyectosUtn/cabaProp/portalback/node_modules/passport/lib/middleware/authenticate.js:370:7)
    at /home/rockijunior/Escritorio/proyectosUtn/cabaProp/portalback/node_modules/@nestjs/passport/dist/auth.guard.js:97:3

 Response Code: 404 - Method: GET - URL: /conversations/branchOfficeId/1
				Body: undefined,
				UserId: 27f822e7-f7e3-4c07-b0eb-f98eaacff783
,
				{"statusCode":404,"path":"/conversations/branchOfficeId/1","method":"GET","timeStamp":"2023-02-15T16:58:01.529Z","message":"Cannot GET /conversations/branchOfficeId/1"}
				NotFoundException: Cannot GET /conversations/branchOfficeId/1
    at callback (/home/rockijunior/Escritorio/proyectosUtn/cabaProp/portalback/node_modules/@nestjs/core/router/routes-resolver.js:77:19)
    at /home/rockijunior/Escritorio/proyectosUtn/cabaProp/portalback/node_modules/@nestjs/core/router/router-proxy.js:9:23
    at Layer.handle [as handle_request] (/home/rockijunior/Escritorio/proyectosUtn/cabaProp/portalback/node_modules/express/lib/router/layer.js:95:5)
    at trim_prefix (/home/rockijunior/Escritorio/proyectosUtn/cabaProp/portalback/node_modules/express/lib/router/index.js:328:13)
    at /home/rockijunior/Escritorio/proyectosUtn/cabaProp/portalback/node_modules/express/lib/router/index.js:286:9
    at Function.process_params (/home/rockijunior/Escritorio/proyectosUtn/cabaProp/portalback/node_modules/express/lib/router/index.js:346:12)
    at next (/home/rockijunior/Escritorio/proyectosUtn/cabaProp/portalback/node_modules/express/lib/router/index.js:280:10)
    at RequestLoggerMiddleware.use (/home/rockijunior/Escritorio/proyectosUtn/cabaProp/portalback/src/config/middlewares/request-logger.middleware.ts:36:3)
    at processTicksAndRejections (node:internal/process/task_queues:95:5)
    at /home/rockijunior/Escritorio/proyectosUtn/cabaProp/portalback/node_modules/@nestjs/core/router/router-proxy.js:9:17
